INFO:     Started server process [268415]
INFO:     Waiting for application startup.
INFO:     Application startup complete.
INFO:     Uvicorn running on http://0.0.0.0:8000 (Press CTRL+C to quit)
INFO:     127.0.0.1:57352 - "GET / HTTP/1.1" 200 OK
INFO:     127.0.0.1:57368 - "GET /docs HTTP/1.1" 200 OK
INFO:     127.0.0.1:57368 - "GET /openapi.json HTTP/1.1" 200 OK
INFO:     127.0.0.1:48310 - "GET /docs HTTP/1.1" 200 OK
INFO:     127.0.0.1:48310 - "GET /openapi.json HTTP/1.1" 200 OK
INFO:     127.0.0.1:48324 - "POST /login HTTP/1.1" 200 OK
INFO:     127.0.0.1:48330 - "GET /docs HTTP/1.1" 200 OK
INFO:     127.0.0.1:48330 - "GET /openapi.json HTTP/1.1" 200 OK
INFO:     127.0.0.1:42476 - "GET /docs HTTP/1.1" 200 OK
INFO:     127.0.0.1:42476 - "GET /openapi.json HTTP/1.1" 200 OK
INFO:     Started server process [269037]
INFO:     Waiting for application startup.
INFO:     Application startup complete.
INFO:     Uvicorn running on http://0.0.0.0:8000 (Press CTRL+C to quit)
INFO:     127.0.0.1:33380 - "GET / HTTP/1.1" 200 OK
INFO:     127.0.0.1:43868 - "GET /docs HTTP/1.1" 200 OK
INFO:     127.0.0.1:43868 - "GET /openapi.json HTTP/1.1" 200 OK
INFO:     127.0.0.1:35412 - "POST /login HTTP/1.1" 200 OK
INFO:     Started server process [269233]
INFO:     Waiting for application startup.
INFO:     Application startup complete.
INFO:     Uvicorn running on http://0.0.0.0:19121 (Press CTRL+C to quit)
INFO:     Started server process [269441]
INFO:     Waiting for application startup.
INFO:     Application startup complete.
INFO:     Uvicorn running on http://0.0.0.0:8000 (Press CTRL+C to quit)
INFO:     127.0.0.1:45674 - "GET / HTTP/1.1" 200 OK
INFO:     Started server process [269522]
INFO:     Waiting for application startup.
INFO:     Application startup complete.
INFO:     Uvicorn running on http://0.0.0.0:19121 (Press CTRL+C to quit)
INFO:     Started server process [269618]
INFO:     Waiting for application startup.
INFO:     Application startup complete.
INFO:     Uvicorn running on http://0.0.0.0:19121 (Press CTRL+C to quit)
INFO:     Started server process [269713]
INFO:     Waiting for application startup.
INFO:     Application startup complete.
INFO:     Uvicorn running on http://0.0.0.0:19121 (Press CTRL+C to quit)
INFO:     Started server process [270124]
INFO:     Waiting for application startup.
INFO:     Application startup complete.
INFO:     Uvicorn running on http://0.0.0.0:19121 (Press CTRL+C to quit)
INFO:     127.0.0.1:33188 - "GET / HTTP/1.1" 200 OK
INFO:     127.0.0.1:33188 - "GET /favicon.ico HTTP/1.1" 404 Not Found
INFO:     127.0.0.1:33204 - "GET /docs HTTP/1.1" 200 OK
INFO:     127.0.0.1:33204 - "GET /openapi.json HTTP/1.1" 200 OK
INFO:     Started server process [270228]
INFO:     Waiting for application startup.
INFO:     Application startup complete.
INFO:     Uvicorn running on http://0.0.0.0:8000 (Press CTRL+C to quit)
INFO:     127.0.0.1:50992 - "GET / HTTP/1.1" 200 OK
INFO:     127.0.0.1:51004 - "GET / HTTP/1.1" 200 OK
INFO:     127.0.0.1:51004 - "GET /docs HTTP/1.1" 200 OK
INFO:     127.0.0.1:51004 - "GET /openapi.json HTTP/1.1" 200 OK
INFO:     127.0.0.1:42510 - "GET / HTTP/1.1" 200 OK
INFO:     127.0.0.1:42510 - "GET /favicon.ico HTTP/1.1" 404 Not Found
INFO:     127.0.0.1:42526 - "GET /docs HTTP/1.1" 200 OK
INFO:     127.0.0.1:42526 - "GET /openapi.json HTTP/1.1" 200 OK
INFO:     127.0.0.1:42540 - "POST /login HTTP/1.1" 500 Internal Server Error
ERROR:    Exception in ASGI application
Traceback (most recent call last):
  File "/home/ubuntu/instagram-project/venv/lib/python3.12/site-packages/sqlalchemy/engine/base.py", line 1967, in _exec_single_context
    self.dialect.do_execute(
  File "/home/ubuntu/instagram-project/venv/lib/python3.12/site-packages/sqlalchemy/engine/default.py", line 951, in do_execute
    cursor.execute(statement, parameters)
  File "/home/ubuntu/instagram-project/venv/lib/python3.12/site-packages/pymysql/cursors.py", line 153, in execute
    result = self._query(query)
             ^^^^^^^^^^^^^^^^^^
  File "/home/ubuntu/instagram-project/venv/lib/python3.12/site-packages/pymysql/cursors.py", line 322, in _query
    conn.query(q)
  File "/home/ubuntu/instagram-project/venv/lib/python3.12/site-packages/pymysql/connections.py", line 575, in query
    self._affected_rows = self._read_query_result(unbuffered=unbuffered)
                          ^^^^^^^^^^^^^^^^^^^^^^^^^^^^^^^^^^^^^^^^^^^^^^
  File "/home/ubuntu/instagram-project/venv/lib/python3.12/site-packages/pymysql/connections.py", line 826, in _read_query_result
    result.read()
  File "/home/ubuntu/instagram-project/venv/lib/python3.12/site-packages/pymysql/connections.py", line 1203, in read
    first_packet = self.connection._read_packet()
                   ^^^^^^^^^^^^^^^^^^^^^^^^^^^^^^
  File "/home/ubuntu/instagram-project/venv/lib/python3.12/site-packages/pymysql/connections.py", line 760, in _read_packet
    raise err.OperationalError(
pymysql.err.OperationalError: (2013, 'Lost connection to MySQL server during query')

The above exception was the direct cause of the following exception:

Traceback (most recent call last):
  File "/home/ubuntu/instagram-project/venv/lib/python3.12/site-packages/uvicorn/protocols/http/h11_impl.py", line 403, in run_asgi
    result = await app(  # type: ignore[func-returns-value]
             ^^^^^^^^^^^^^^^^^^^^^^^^^^^^^^^^^^^^^^^^^^^^^^
  File "/home/ubuntu/instagram-project/venv/lib/python3.12/site-packages/uvicorn/middleware/proxy_headers.py", line 60, in __call__
    return await self.app(scope, receive, send)
           ^^^^^^^^^^^^^^^^^^^^^^^^^^^^^^^^^^^^
  File "/home/ubuntu/instagram-project/venv/lib/python3.12/site-packages/fastapi/applications.py", line 1134, in __call__
    await super().__call__(scope, receive, send)
  File "/home/ubuntu/instagram-project/venv/lib/python3.12/site-packages/starlette/applications.py", line 107, in __call__
    await self.middleware_stack(scope, receive, send)
  File "/home/ubuntu/instagram-project/venv/lib/python3.12/site-packages/starlette/middleware/errors.py", line 186, in __call__
    raise exc
  File "/home/ubuntu/instagram-project/venv/lib/python3.12/site-packages/starlette/middleware/errors.py", line 164, in __call__
    await self.app(scope, receive, _send)
  File "/home/ubuntu/instagram-project/venv/lib/python3.12/site-packages/starlette/middleware/exceptions.py", line 63, in __call__
    await wrap_app_handling_exceptions(self.app, conn)(scope, receive, send)
  File "/home/ubuntu/instagram-project/venv/lib/python3.12/site-packages/starlette/_exception_handler.py", line 53, in wrapped_app
    raise exc
  File "/home/ubuntu/instagram-project/venv/lib/python3.12/site-packages/starlette/_exception_handler.py", line 42, in wrapped_app
    await app(scope, receive, sender)
  File "/home/ubuntu/instagram-project/venv/lib/python3.12/site-packages/fastapi/middleware/asyncexitstack.py", line 18, in __call__
    await self.app(scope, receive, send)
  File "/home/ubuntu/instagram-project/venv/lib/python3.12/site-packages/starlette/routing.py", line 716, in __call__
    await self.middleware_stack(scope, receive, send)
  File "/home/ubuntu/instagram-project/venv/lib/python3.12/site-packages/starlette/routing.py", line 736, in app
    await route.handle(scope, receive, send)
  File "/home/ubuntu/instagram-project/venv/lib/python3.12/site-packages/starlette/routing.py", line 290, in handle
    await self.app(scope, receive, send)
  File "/home/ubuntu/instagram-project/venv/lib/python3.12/site-packages/fastapi/routing.py", line 125, in app
    await wrap_app_handling_exceptions(app, request)(scope, receive, send)
  File "/home/ubuntu/instagram-project/venv/lib/python3.12/site-packages/starlette/_exception_handler.py", line 53, in wrapped_app
    raise exc
  File "/home/ubuntu/instagram-project/venv/lib/python3.12/site-packages/starlette/_exception_handler.py", line 42, in wrapped_app
    await app(scope, receive, sender)
  File "/home/ubuntu/instagram-project/venv/lib/python3.12/site-packages/fastapi/routing.py", line 111, in app
    response = await f(request)
               ^^^^^^^^^^^^^^^^
  File "/home/ubuntu/instagram-project/venv/lib/python3.12/site-packages/fastapi/routing.py", line 391, in app
    raw_response = await run_endpoint_function(
                   ^^^^^^^^^^^^^^^^^^^^^^^^^^^^
  File "/home/ubuntu/instagram-project/venv/lib/python3.12/site-packages/fastapi/routing.py", line 292, in run_endpoint_function
    return await run_in_threadpool(dependant.call, **values)
           ^^^^^^^^^^^^^^^^^^^^^^^^^^^^^^^^^^^^^^^^^^^^^^^^^
  File "/home/ubuntu/instagram-project/venv/lib/python3.12/site-packages/starlette/concurrency.py", line 32, in run_in_threadpool
    return await anyio.to_thread.run_sync(func)
           ^^^^^^^^^^^^^^^^^^^^^^^^^^^^^^^^^^^^
  File "/home/ubuntu/instagram-project/venv/lib/python3.12/site-packages/anyio/to_thread.py", line 56, in run_sync
    return await get_async_backend().run_sync_in_worker_thread(
           ^^^^^^^^^^^^^^^^^^^^^^^^^^^^^^^^^^^^^^^^^^^^^^^^^^^^
  File "/home/ubuntu/instagram-project/venv/lib/python3.12/site-packages/anyio/_backends/_asyncio.py", line 2485, in run_sync_in_worker_thread
    return await future
           ^^^^^^^^^^^^
  File "/home/ubuntu/instagram-project/venv/lib/python3.12/site-packages/anyio/_backends/_asyncio.py", line 976, in run
    result = context.run(func, *args)
             ^^^^^^^^^^^^^^^^^^^^^^^^
  File "/home/ubuntu/instagram-project/routers/users.py", line 29, in login
    user = crud.get_user_by_email(db, email=form_data.username)
           ^^^^^^^^^^^^^^^^^^^^^^^^^^^^^^^^^^^^^^^^^^^^^^^^^^^^
  File "/home/ubuntu/instagram-project/crud.py", line 15, in get_user_by_email
    return db.query(User).filter(User.email == email).first()
           ^^^^^^^^^^^^^^^^^^^^^^^^^^^^^^^^^^^^^^^^^^^^^^^^^^
  File "/home/ubuntu/instagram-project/venv/lib/python3.12/site-packages/sqlalchemy/orm/query.py", line 2759, in first
    return self.limit(1)._iter().first()  # type: ignore
           ^^^^^^^^^^^^^^^^^^^^^
  File "/home/ubuntu/instagram-project/venv/lib/python3.12/site-packages/sqlalchemy/orm/query.py", line 2857, in _iter
    result: Union[ScalarResult[_T], Result[_T]] = self.session.execute(
                                                  ^^^^^^^^^^^^^^^^^^^^^
  File "/home/ubuntu/instagram-project/venv/lib/python3.12/site-packages/sqlalchemy/orm/session.py", line 2351, in execute
    return self._execute_internal(
           ^^^^^^^^^^^^^^^^^^^^^^^
  File "/home/ubuntu/instagram-project/venv/lib/python3.12/site-packages/sqlalchemy/orm/session.py", line 2249, in _execute_internal
    result: Result[Any] = compile_state_cls.orm_execute_statement(
                          ^^^^^^^^^^^^^^^^^^^^^^^^^^^^^^^^^^^^^^^^
  File "/home/ubuntu/instagram-project/venv/lib/python3.12/site-packages/sqlalchemy/orm/context.py", line 306, in orm_execute_statement
    result = conn.execute(
             ^^^^^^^^^^^^^
  File "/home/ubuntu/instagram-project/venv/lib/python3.12/site-packages/sqlalchemy/engine/base.py", line 1419, in execute
    return meth(
           ^^^^^
  File "/home/ubuntu/instagram-project/venv/lib/python3.12/site-packages/sqlalchemy/sql/elements.py", line 526, in _execute_on_connection
    return connection._execute_clauseelement(
           ^^^^^^^^^^^^^^^^^^^^^^^^^^^^^^^^^^
  File "/home/ubuntu/instagram-project/venv/lib/python3.12/site-packages/sqlalchemy/engine/base.py", line 1641, in _execute_clauseelement
    ret = self._execute_context(
          ^^^^^^^^^^^^^^^^^^^^^^
  File "/home/ubuntu/instagram-project/venv/lib/python3.12/site-packages/sqlalchemy/engine/base.py", line 1846, in _execute_context
    return self._exec_single_context(
           ^^^^^^^^^^^^^^^^^^^^^^^^^^
  File "/home/ubuntu/instagram-project/venv/lib/python3.12/site-packages/sqlalchemy/engine/base.py", line 1986, in _exec_single_context
    self._handle_dbapi_exception(
  File "/home/ubuntu/instagram-project/venv/lib/python3.12/site-packages/sqlalchemy/engine/base.py", line 2355, in _handle_dbapi_exception
    raise sqlalchemy_exception.with_traceback(exc_info[2]) from e
  File "/home/ubuntu/instagram-project/venv/lib/python3.12/site-packages/sqlalchemy/engine/base.py", line 1967, in _exec_single_context
    self.dialect.do_execute(
  File "/home/ubuntu/instagram-project/venv/lib/python3.12/site-packages/sqlalchemy/engine/default.py", line 951, in do_execute
    cursor.execute(statement, parameters)
  File "/home/ubuntu/instagram-project/venv/lib/python3.12/site-packages/pymysql/cursors.py", line 153, in execute
    result = self._query(query)
             ^^^^^^^^^^^^^^^^^^
  File "/home/ubuntu/instagram-project/venv/lib/python3.12/site-packages/pymysql/cursors.py", line 322, in _query
    conn.query(q)
  File "/home/ubuntu/instagram-project/venv/lib/python3.12/site-packages/pymysql/connections.py", line 575, in query
    self._affected_rows = self._read_query_result(unbuffered=unbuffered)
                          ^^^^^^^^^^^^^^^^^^^^^^^^^^^^^^^^^^^^^^^^^^^^^^
  File "/home/ubuntu/instagram-project/venv/lib/python3.12/site-packages/pymysql/connections.py", line 826, in _read_query_result
    result.read()
  File "/home/ubuntu/instagram-project/venv/lib/python3.12/site-packages/pymysql/connections.py", line 1203, in read
    first_packet = self.connection._read_packet()
                   ^^^^^^^^^^^^^^^^^^^^^^^^^^^^^^
  File "/home/ubuntu/instagram-project/venv/lib/python3.12/site-packages/pymysql/connections.py", line 760, in _read_packet
    raise err.OperationalError(
sqlalchemy.exc.OperationalError: (pymysql.err.OperationalError) (2013, 'Lost connection to MySQL server during query')
[SQL: SELECT users.id AS users_id, users.email AS users_email, users.password AS users_password, users.nickname AS users_nickname, users.image_url AS users_image_url, users.is_admin AS users_is_admin, users.provider AS users_provider, users.provider_id AS users_provider_id, users.created_at AS users_created_at 
FROM users 
WHERE users.email = %(email_1)s 
 LIMIT %(param_1)s]
[parameters: {'email_1': 'a@a.com', 'param_1': 1}]
(Background on this error at: https://sqlalche.me/e/20/e3q8)
INFO:     127.0.0.1:45256 - "POST /login HTTP/1.1" 200 OK
INFO:     127.0.0.1:45260 - "POST /posts HTTP/1.1" 201 Created
INFO:     127.0.0.1:47688 - "GET /posts HTTP/1.1" 200 OK
INFO:     Started server process [493854]
INFO:     Waiting for application startup.
INFO:     Application startup complete.
INFO:     Uvicorn running on http://0.0.0.0:19121 (Press CTRL+C to quit)
INFO:     127.0.0.1:34638 - "GET /docs HTTP/1.1" 200 OK
INFO:     127.0.0.1:34638 - "GET /openapi.json HTTP/1.1" 200 OK
INFO:     127.0.0.1:54584 - "POST /login HTTP/1.1" 200 OK
INFO:     127.0.0.1:54598 - "POST /posts HTTP/1.1" 201 Created
INFO:     Started server process [494263]
INFO:     Waiting for application startup.
INFO:     Application startup complete.
INFO:     Uvicorn running on http://0.0.0.0:19121 (Press CTRL+C to quit)
INFO:     127.0.0.1:50308 - "GET / HTTP/1.1" 200 OK
INFO:     127.0.0.1:50308 - "GET /favicon.ico HTTP/1.1" 404 Not Found
INFO:     127.0.0.1:50324 - "POST /login HTTP/1.1" 200 OK
INFO:     127.0.0.1:50324 - "GET /posts HTTP/1.1" 200 OK
INFO:     127.0.0.1:50324 - "GET /static/images/4_%EA%B0%95%EC%95%84%EC%A7%80.jpg HTTP/1.1" 200 OK
